Assuming unrestricted shared filesystem usage.
None
host: student-net-cx-0918.intern.ethz.ch
Building DAG of jobs...
Using shell: /bin/bash
Provided cores: 5
Rules claiming more threads will be scaled down.
Job stats:
job            count
-----------  -------
bayes_prism        1
total              1

Select jobs to execute...
Execute 1 jobs...
[Mon May 19 13:25:21 2025]
localrule bayes_prism:
    input: myinput2.gbm.rdata
    output: BAYESPRISM-Results.txt
    jobid: 0
    reason: Missing output files: BAYESPRISM-Results.txt
    resources: tmpdir=/var/folders/zq/9vmc9tbn5pv_0b8_c7ffd6nh0000gn/T

[Mon May 19 13:29:36 2025]
Finished jobid: 0 (Rule: bayes_prism)
1 of 1 steps (100%) done
Complete log(s): /Users/samuelgair/Desktop/BA_code/snakemake_fun/.snakemake/log/2025-05-19T132521.362012.snakemake.log
