Assuming unrestricted shared filesystem usage.
None
host: MacBookAir.lan
Building DAG of jobs...
Using shell: /bin/bash
Provided cores: 1 (use --cores to define parallelism)
Rules claiming more threads will be scaled down.
Job stats:
job                  count
-----------------  -------
mean                     1
visualize_results        1
total                    2

Select jobs to execute...
Execute 1 jobs...
[Sat May 10 20:15:29 2025]
localrule mean:
    output: MEAN-Results.txt
    jobid: 2
    reason: Missing output files: MEAN-Results.txt
    resources: tmpdir=/var/folders/zq/9vmc9tbn5pv_0b8_c7ffd6nh0000gn/T

[Sat May 10 20:15:30 2025]
Finished jobid: 2 (Rule: mean)
1 of 2 steps (50%) done
Select jobs to execute...
Execute 1 jobs...
[Sat May 10 20:15:30 2025]
localrule visualize_results:
    input: real_fracs.tsv, real_coarse_fracs.tsv, MEAN-Results.txt
    output: MEAN_errors.png, MEAN_fractions_compare.png
    jobid: 0
    reason: Missing output files: MEAN_errors.png; Input files updated by another job: MEAN-Results.txt
    wildcards: method=MEAN
    resources: tmpdir=/var/folders/zq/9vmc9tbn5pv_0b8_c7ffd6nh0000gn/T

RuleException:
CalledProcessError in file "/Users/samuelgair/Desktop/BA_code/snakemake_fun/workflow/Snakefile", line 125:
Command 'set -euo pipefail;  python3 visualizing_results.py MEAN-Results.txt MEAN' returned non-zero exit status 1.
[Sat May 10 20:15:30 2025]
Error in rule visualize_results:
    message: None
    jobid: 0
    input: real_fracs.tsv, real_coarse_fracs.tsv, MEAN-Results.txt
    output: MEAN_errors.png, MEAN_fractions_compare.png
    shell:
        python3 visualizing_results.py MEAN-Results.txt MEAN
        (command exited with non-zero exit code)
Shutting down, this might take some time.
Exiting because a job execution failed. Look below for error messages
[Sat May 10 20:15:30 2025]
Error in rule visualize_results:
    message: None
    jobid: 0
    input: real_fracs.tsv, real_coarse_fracs.tsv, MEAN-Results.txt
    output: MEAN_errors.png, MEAN_fractions_compare.png
    shell:
        python3 visualizing_results.py MEAN-Results.txt MEAN
        (command exited with non-zero exit code)
Complete log(s): /Users/samuelgair/Desktop/BA_code/snakemake_fun/.snakemake/log/2025-05-10T201528.905373.snakemake.log
WorkflowError:
At least one job did not complete successfully.
