Assuming unrestricted shared filesystem usage.
None
host: student-net-rz-1815.intern.ethz.ch
Building DAG of jobs...
Using shell: /bin/bash
Provided cores: 1 (use --cores to define parallelism)
Rules claiming more threads will be scaled down.
Job stats:
job                  count
-----------------  -------
visualize_results        1
total                    1

Select jobs to execute...
Execute 1 jobs...
[Tue May  6 16:59:43 2025]
localrule visualize_results:
    input: real_fracs.tsv, real_coarse_fracs.tsv, RANDOM_GUESSING-Results.txt
    output: RANDOM_GUESSING_errors.png, RANDOM_GUESSING_fractions_compare.png
    jobid: 0
    reason: Missing output files: RANDOM_GUESSING_errors.png
    wildcards: method=RANDOM_GUESSING
    resources: tmpdir=/var/folders/zq/9vmc9tbn5pv_0b8_c7ffd6nh0000gn/T

[Tue May  6 16:59:44 2025]
Finished jobid: 0 (Rule: visualize_results)
1 of 1 steps (100%) done
Complete log(s): /Users/samuelgair/Desktop/BA_code/snakemake_fun/.snakemake/log/2025-05-06T165943.826084.snakemake.log
