Assuming unrestricted shared filesystem usage.
None
host: student-net-cx-0918.intern.ethz.ch
Building DAG of jobs...
Using shell: /bin/bash
Provided cores: 8
Rules claiming more threads will be scaled down.
Job stats:
job                              count
-----------------------------  -------
bayes_prism                          1
create_samples_and_sig_matrix        1
visualize_results                    1
total                                3

Select jobs to execute...
Execute 1 jobs...
[Fri May 23 10:03:14 2025]
localrule create_samples_and_sig_matrix:
    input: 41590_2017_BFni3693_MOESM10_ESM.xlsx, dist_leukocytes_lymphocytes.csv, dist_lymphocytes.csv, celltype_fraction.csv, coarsetype_fraction.csv
    output: healthy_sample_imputed.txt, imputed_sig_matrix.txt, real_fracs.tsv, real_coarse_fracs.tsv, myinput2.gbm.rdata
    jobid: 1
    reason: Missing output files: myinput2.gbm.rdata
    resources: tmpdir=/var/folders/zq/9vmc9tbn5pv_0b8_c7ffd6nh0000gn/T

[Fri May 23 10:04:05 2025]
Finished jobid: 1 (Rule: create_samples_and_sig_matrix)
1 of 3 steps (33%) done
Select jobs to execute...
Execute 1 jobs...
[Fri May 23 10:04:05 2025]
localrule bayes_prism:
    input: myinput2.gbm.rdata
    output: BAYESPRISM-Results.txt
    jobid: 2
    reason: Missing output files: BAYESPRISM-Results.txt; Input files updated by another job: myinput2.gbm.rdata
    resources: tmpdir=/var/folders/zq/9vmc9tbn5pv_0b8_c7ffd6nh0000gn/T

Terminating processes on user request, this might take some time.
RuleException:
CalledProcessError in file "/Users/samuelgair/Desktop/BA_code/snakemake_fun/workflow/Snakefile", line 102:
Command 'set -euo pipefail;  Rscript Bayes_Prism.r' returned non-zero exit status 1.
[Fri May 23 10:19:11 2025]
Error in rule bayes_prism:
    message: None
    jobid: 2
    input: myinput2.gbm.rdata
    output: BAYESPRISM-Results.txt
    shell:
        Rscript Bayes_Prism.r
        (command exited with non-zero exit code)
Complete log(s): /Users/samuelgair/Desktop/BA_code/snakemake_fun/.snakemake/log/2025-05-23T100314.777052.snakemake.log
WorkflowError:
At least one job did not complete successfully.
