Assuming unrestricted shared filesystem usage.
None
host: MacBookAir.lan
Building DAG of jobs...
Using shell: /bin/bash
Provided cores: 1 (use --cores to define parallelism)
Rules claiming more threads will be scaled down.
Job stats:
job                  count
-----------------  -------
visualize_results        1
total                    1

Select jobs to execute...
Execute 1 jobs...
[Sat May 10 20:25:43 2025]
localrule visualize_results:
    input: real_fracs.tsv, real_coarse_fracs.tsv, MEAN-Results.txt
    output: MEAN_errors.png, MEAN_fractions_compare.png
    jobid: 0
    reason: Missing output files: MEAN_errors.png
    wildcards: method=MEAN
    resources: tmpdir=/var/folders/zq/9vmc9tbn5pv_0b8_c7ffd6nh0000gn/T

[Sat May 10 20:25:44 2025]
Finished jobid: 0 (Rule: visualize_results)
1 of 1 steps (100%) done
Complete log(s): /Users/samuelgair/Desktop/BA_code/snakemake_fun/.snakemake/log/2025-05-10T202543.117529.snakemake.log
