Assuming unrestricted shared filesystem usage.
None
host: student-net-rz-1815.intern.ethz.ch
Building DAG of jobs...
Using shell: /bin/bash
Provided cores: 1 (use --cores to define parallelism)
Rules claiming more threads will be scaled down.
Job stats:
job                count
---------------  -------
some_other_rule        1
total                  1

Select jobs to execute...
Execute 1 jobs...
[Tue May  6 09:56:32 2025]
localrule some_other_rule:
    input: output.txt
    output: second.txt
    jobid: 0
    reason: Missing output files: second.txt
    resources: tmpdir=/var/folders/zq/9vmc9tbn5pv_0b8_c7ffd6nh0000gn/T

[Tue May  6 09:56:32 2025]
Finished jobid: 0 (Rule: some_other_rule)
1 of 1 steps (100%) done
Complete log(s): /Users/samuelgair/Desktop/BA_code/snakemake_fun/.snakemake/log/2025-05-06T095632.156730.snakemake.log
