Assuming unrestricted shared filesystem usage.
None
host: student-net-cx-0918.intern.ethz.ch
Building DAG of jobs...
Using shell: /bin/bash
Provided cores: 8
Rules claiming more threads will be scaled down.
Job stats:
job                  count
-----------------  -------
visualize_results        1
total                    1

Select jobs to execute...
Execute 1 jobs...
[Tue May 27 11:35:44 2025]
localrule visualize_results:
    input: real_fracs.tsv, real_coarse_fracs.tsv, NNLS-Results.txt
    output: NNLS_errors.png, NNLS_fractions_compare.png
    jobid: 0
    reason: Missing output files: NNLS_errors.png
    wildcards: method=NNLS
    resources: tmpdir=/var/folders/zq/9vmc9tbn5pv_0b8_c7ffd6nh0000gn/T

[Tue May 27 11:35:45 2025]
Finished jobid: 0 (Rule: visualize_results)
1 of 1 steps (100%) done
Complete log(s): /Users/samuelgair/Desktop/BA_code/snakemake_fun/.snakemake/log/2025-05-27T113544.541435.snakemake.log
